[    2378ms] [ERROR] Failed to load resource: the server responded with a status of 500 (Internal Server Error) @ http://localhost:3001/:0
[    2849ms] [INFO] %cDownload the React DevTools for a better development experience: https://react.dev/link/react-devtools font-weight:bold @ webpack-internal:///(pages-dir-browser)/./node_modules/react-dom/cjs/react-dom-client.development.js:28004
[    2954ms] Error: Cannot find module './331.js'
Require stack:
- /home/musayev/Documents/alif/.next/server/webpack-runtime.js
- /home/musayev/Documents/alif/.next/server/app/icon.svg/route.js
- /home/musayev/Documents/alif/node_modules/next/dist/server/require.js
- /home/musayev/Documents/alif/node_modules/next/dist/server/load-components.js
- /home/musayev/Documents/alif/node_modules/next/dist/build/utils.js
- /home/musayev/Documents/alif/node_modules/next/dist/build/swc/options.js
- /home/musayev/Documents/alif/node_modules/next/dist/build/swc/index.js
- /home/musayev/Documents/alif/node_modules/next/dist/build/analysis/parse-module.js
- /home/musayev/Documents/alif/node_modules/next/dist/build/analysis/get-page-static-info.js
- /home/musayev/Documents/alif/node_modules/next/dist/server/lib/router-utils/setup-dev-bundler.js
- /home/musayev/Documents/alif/node_modules/next/dist/server/lib/router-server.js
- /home/musayev/Documents/alif/node_modules/next/dist/server/lib/start-server.js
    at Module._resolveFilename (node:internal/modules/cjs/loader:1207:15)
    at <unknown> (file:///home/musayev/Documents/alif/node_modules/next/dist/server/require-hook.js:57:36)
    at Module._load (node:internal/modules/cjs/loader:1038:27)
    at Module.require (node:internal/modules/cjs/loader:1289:19)
    at mod.require (file:///home/musayev/Documents/alif/node_modules/next/dist/server/require-hook.js:68:28)
    at require (node:internal/modules/helpers:182:18)
    at __webpack_require__.f.require (file:///home/musayev/Documents/alif/.next/server/webpack-runtime.js:195:28)
    at <unknown> (file:///home/musayev/Documents/alif/.next/server/webpack-runtime.js:108:40)
    at Array.reduce (<anonymous>)
    at __webpack_require__.e (file:///home/musayev/Documents/alif/.next/server/webpack-runtime.js:107:67)
    at Array.map (<anonymous>)
    at __webpack_require__.X (file:///home/musayev/Documents/alif/.next/server/webpack-runtime.js:159:22)
    at <unknown> (file:///home/musayev/Documents/alif/.next/server/app/page.js:2:37571)
    at Object.<anonymous> (file:///home/musayev/Documents/alif/.next/server/app/page.js:2:37620)
    at Module._compile (node:internal/modules/cjs/loader:1521:14)
    at Module._extensions..js (node:internal/modules/cjs/loader:1623:10)
    at Module.load (node:internal/modules/cjs/loader:1266:32)
    at Module._load (node:internal/modules/cjs/loader:1091:12)
    at Module.require (node:internal/modules/cjs/loader:1289:19)
    at mod.require (file:///home/musayev/Documents/alif/node_modules/next/dist/server/require-hook.js:68:28)
    at require (node:internal/modules/helpers:182:18)
    at requirePage (file:///home/musayev/Documents/alif/node_modules/next/dist/server/require.js:99:80)
    at loadComponentsImpl (file:///home/musayev/Documents/alif/node_modules/next/dist/server/load-components.js:132:57)
    at async DevServer.findPageComponentsImpl (file:///home/musayev/Documents/alif/node_modules/next/dist/server/next-server.js:899:36)
    at async DevServer.findPageComponents (file:///home/musayev/Documents/alif/node_modules/next/dist/server/dev/next-dev-server.js:706:16)
    at async DevServer.renderPageComponent (file:///home/musayev/Documents/alif/node_modules/next/dist/server/base-server.js:1460:24)
    at async DevServer.renderToResponseImpl (file:///home/musayev/Documents/alif/node_modules/next/dist/server/base-server.js:1514:32)
    at async DevServer.pipeImpl (file:///home/musayev/Documents/alif/node_modules/next/dist/server/base-server.js:1025:25)
    at async NextNodeServer.handleCatchallRenderRequest (file:///home/musayev/Documents/alif/node_modules/next/dist/server/next-server.js:393:17)
    at async DevServer.handleRequestImpl (file:///home/musayev/Documents/alif/node_modules/next/dist/server/base-server.js:916:17)
    at async (file:///home/musayev/Documents/alif/node_modules/next/dist/server/dev/next-dev-server.js:400:20)
    at async Span.traceAsyncFn (file:///home/musayev/Documents/alif/node_modules/next/dist/trace/trace.js:157:20)
    at async DevServer.handleRequest (file:///home/musayev/Documents/alif/node_modules/next/dist/server/dev/next-dev-server.js:396:24)
    at async invokeRender (file:///home/musayev/Documents/alif/node_modules/next/dist/server/lib/router-server.js:240:21)
    at async handleRequest (file:///home/musayev/Documents/alif/node_modules/next/dist/server/lib/router-server.js:437:24)
    at async requestHandlerImpl (file:///home/musayev/Documents/alif/node_modules/next/dist/server/lib/router-server.js:485:13)
    at async Server.requestListener (file:///home/musayev/Documents/alif/node_modules/next/dist/server/lib/start-server.js:226:13)
[    2950ms] [LOG] [HMR] connected @ webpack-internal:///(pages-dir-browser)/./node_modules/next/dist/client/dev/hot-reloader/pages/websocket.js:45
[    2954ms] [ERROR] Failed to load resource: the server responded with a status of 404 (Not Found) @ http://localhost:3001/favicon.ico:0
[   12269ms] [ERROR] WebSocket connection to 'ws://localhost:3001/_next/webpack-hmr' failed: Error in connection establishment: net::ERR_CONNECTION_REFUSED @ webpack-internal:///(pages-dir-browser)/./node_modules/next/dist/client/dev/hot-reloader/pages/websocket.js:88
[   13270ms] [ERROR] WebSocket connection to 'ws://localhost:3001/_next/webpack-hmr' failed: Error in connection establishment: net::ERR_CONNECTION_REFUSED @ webpack-internal:///(pages-dir-browser)/./node_modules/next/dist/client/dev/hot-reloader/pages/websocket.js:88
[   14272ms] [ERROR] WebSocket connection to 'ws://localhost:3001/_next/webpack-hmr' failed: Error in connection establishment: net::ERR_CONNECTION_REFUSED @ webpack-internal:///(pages-dir-browser)/./node_modules/next/dist/client/dev/hot-reloader/pages/websocket.js:88
[   16080ms] [LOG] [HMR] connected @ webpack-internal:///(pages-dir-browser)/./node_modules/next/dist/client/dev/hot-reloader/pages/websocket.js:45
[   16105ms] [ERROR] Failed to load resource: the server responded with a status of 404 (Not Found) @ http://localhost:3001/_next/static/webpack/892af85e95acf581.webpack.hot-update.json:0
[   16105ms] [WARNING] [Fast Refresh] performing full reload because your application had an unrecoverable error @ webpack-internal:///(pages-dir-browser)/./node_modules/next/dist/client/dev/hot-reloader/pages/hot-reloader-pages.js:347
[   18192ms] [LOG] [Fast Refresh] rebuilding @ webpack-internal:///(pages-dir-browser)/./node_modules/next/dist/client/dev/hot-reloader/pages/hot-reloader-pages.js:206
[   20309ms] [ERROR] Failed to load resource: the server responded with a status of 404 (Not Found) @ http://localhost:3001/_next/static/webpack/892af85e95acf581.webpack.hot-update.json:0
[   20310ms] [WARNING] [Fast Refresh] performing full reload because your application had an unrecoverable error @ webpack-internal:///(pages-dir-browser)/./node_modules/next/dist/client/dev/hot-reloader/pages/hot-reloader-pages.js:347
[   21905ms] [INFO] %cDownload the React DevTools for a better development experience: https://react.dev/link/react-devtools font-weight:bold @ webpack-internal:///(app-pages-browser)/./node_modules/next/dist/compiled/react-dom/cjs/react-dom-client.development.js:25630
